TN:
SF:controllers/listingsController.js
FN:5,(anonymous_0)
FN:10,(anonymous_1)
FN:20,(anonymous_2)
FN:21,(anonymous_3)
FNF:4
FNH:4
FNDA:1,(anonymous_0)
FNDA:3,(anonymous_1)
FNDA:15,(anonymous_2)
FNDA:3,(anonymous_3)
DA:1,1
DA:2,1
DA:5,1
DA:6,1
DA:7,1
DA:10,1
DA:11,3
DA:12,3
DA:19,3
DA:20,15
DA:21,3
DA:22,3
DA:23,2
DA:27,1
DA:28,1
DA:29,1
DA:31,0
DA:35,1
LF:18
LH:17
BRDA:22,0,0,2
BRDA:22,0,1,1
BRF:2
BRH:2
end_of_record
TN:
SF:models/listingModel.js
FNF:0
FNH:0
DA:1,1
DA:3,1
DA:5,1
DA:39,1
LF:4
LH:4
BRF:0
BRH:0
end_of_record
